<?xml version="1.0" encoding="UTF-8"?>
<testng-results ignored="0" total="1" passed="1" failed="0" skipped="0">
  <reporter-output>
  </reporter-output>
  <suite started-at="2024-01-13T14:34:23 IST" name="Default suite" finished-at="2024-01-13T14:35:03 IST" duration-ms="40911">
    <groups>
    </groups>
    <test started-at="2024-01-13T14:34:23 IST" name="Default test" finished-at="2024-01-13T14:35:03 IST" duration-ms="40911">
      <class name="first_test_project.TestCheckFlipkart">
        <test-method signature="testInputSearch()[pri:0, instance:first_test_project.TestCheckFlipkart@76954a33]" started-at="2024-01-13T14:34:23 IST" name="testInputSearch" finished-at="2024-01-13T14:35:03 IST" duration-ms="40880" status="PASS">
          <reporter-output>
          </reporter-output>
        </test-method> <!-- testInputSearch -->
      </class> <!-- first_test_project.TestCheckFlipkart -->
    </test> <!-- Default test -->
  </suite> <!-- Default suite -->
</testng-results>
